<?xml version="1.0" encoding="UTF-8"?>
<!-- Generated by org.testng.reporters.JUnitReportReporter -->
<testsuite hostname="7L0S402" failures="0" tests="1" name="todo.scenarios.TodoScenarios" time="14.041" errors="0" timestamp="19 Apr 2018 07:41:11 GMT" skipped="0">
  <testcase classname="todo.scenarios.TodoScenarios" name="launchURL" time="14.041"/>
</testsuite> <!-- todo.scenarios.TodoScenarios -->
