<?xml version="1.0" encoding="UTF-8"?>
<!-- Generated by org.testng.reporters.JUnitReportReporter -->
<testsuite hostname="7L0S402" failures="0" tests="1" name="todo.scenario.TodoScenario" time="14.417" errors="0" timestamp="19 Apr 2018 08:05:15 GMT" skipped="0">
  <testcase classname="todo.scenario.TodoScenario" name="launchURL" time="14.417"/>
</testsuite> <!-- todo.scenario.TodoScenario -->
